<?xml version="1.0" encoding="UTF-8"?>
<coverage generated="1488768157680" clover="3.2.0">
  <project timestamp="1488768157680" name="All files">
    <metrics statements="47" coveredstatements="13" conditionals="14" coveredconditionals="2" methods="21" coveredmethods="9" elements="82" coveredelements="24" complexity="0" loc="47" ncloc="47" packages="1" files="4" classes="4">
      <file name="App.js" path="C:\Users\admin\Documents\GitHub\YEI-ToDos-App\src\App.js">
        <metrics statements="1" coveredstatements="1" conditionals="0" coveredconditionals="0" methods="1" coveredmethods="1"/>
        <line num="8" count="3" type="stmt"/>
      </file>
      <file name="TodoList.js" path="C:\Users\admin\Documents\GitHub\YEI-ToDos-App\src\TodoList.js">
        <metrics statements="34" coveredstatements="9" conditionals="12" coveredconditionals="0" methods="15" coveredmethods="7"/>
        <line num="8" count="3" type="stmt"/>
        <line num="9" count="3" type="stmt"/>
        <line num="17" count="1" type="stmt"/>
        <line num="18" count="1" type="stmt"/>
        <line num="19" count="1" type="stmt"/>
        <line num="24" count="4" type="stmt"/>
        <line num="25" count="20" type="stmt"/>
        <line num="28" count="0" type="stmt"/>
        <line num="36" count="0" type="stmt"/>
        <line num="42" count="0" type="stmt"/>
        <line num="47" count="0" type="stmt"/>
        <line num="48" count="0" type="stmt"/>
        <line num="50" count="0" type="stmt"/>
        <line num="51" count="0" type="stmt"/>
        <line num="53" count="0" type="stmt"/>
        <line num="54" count="0" type="stmt"/>
        <line num="55" count="0" type="stmt"/>
        <line num="57" count="0" type="stmt"/>
        <line num="61" count="0" type="stmt"/>
        <line num="63" count="0" type="stmt"/>
        <line num="64" count="0" type="stmt"/>
        <line num="66" count="0" type="stmt"/>
        <line num="67" count="0" type="stmt"/>
        <line num="68" count="0" type="stmt"/>
        <line num="70" count="0" type="stmt"/>
        <line num="76" count="0" type="stmt"/>
        <line num="77" count="0" type="stmt"/>
        <line num="78" count="0" type="stmt"/>
        <line num="80" count="0" type="stmt"/>
        <line num="84" count="0" type="stmt"/>
        <line num="85" count="0" type="stmt"/>
        <line num="87" count="0" type="stmt"/>
        <line num="92" count="4" type="stmt"/>
        <line num="108" count="3" type="stmt"/>
      </file>
      <file name="TodoListAddItem.js" path="C:\Users\admin\Documents\GitHub\YEI-ToDos-App\src\TodoListAddItem.js">
        <metrics statements="10" coveredstatements="1" conditionals="0" coveredconditionals="0" methods="4" coveredmethods="0"/>
        <line num="7" count="0" type="stmt"/>
        <line num="8" count="0" type="stmt"/>
        <line num="10" count="0" type="stmt"/>
        <line num="11" count="0" type="stmt"/>
        <line num="15" count="0" type="stmt"/>
        <line num="19" count="0" type="stmt"/>
        <line num="20" count="0" type="stmt"/>
        <line num="21" count="0" type="stmt"/>
        <line num="25" count="0" type="stmt"/>
        <line num="34" count="3" type="stmt"/>
      </file>
      <file name="TodoListItem.js" path="C:\Users\admin\Documents\GitHub\YEI-ToDos-App\src\TodoListItem.js">
        <metrics statements="2" coveredstatements="2" conditionals="2" coveredconditionals="2" methods="1" coveredmethods="1"/>
        <line num="5" count="2" type="stmt"/>
        <line num="15" count="4" type="stmt"/>
      </file>
    </metrics>
  </project>
</coverage>
