<?xml version="1.0" encoding="UTF-8"?>
<coverage generated="1488784179439" clover="3.2.0">
  <project timestamp="1488784179439" name="All files">
    <metrics statements="52" coveredstatements="15" conditionals="20" coveredconditionals="4" methods="22" coveredmethods="10" elements="94" coveredelements="29" complexity="0" loc="52" ncloc="52" packages="1" files="5" classes="5">
      <file name="App.js" path="C:\Users\admin\Documents\GitHub\YEI-ToDos-App\src\App.js">
        <metrics statements="1" coveredstatements="1" conditionals="0" coveredconditionals="0" methods="1" coveredmethods="1"/>
        <line num="8" count="3" type="stmt"/>
      </file>
      <file name="SortTodos.js" path="C:\Users\admin\Documents\GitHub\YEI-ToDos-App\src\SortTodos.js">
        <metrics statements="2" coveredstatements="2" conditionals="4" coveredconditionals="2" methods="1" coveredmethods="1"/>
        <line num="5" count="1" type="stmt"/>
        <line num="14" count="4" type="stmt"/>
      </file>
      <file name="TodoList.js" path="C:\Users\admin\Documents\GitHub\YEI-ToDos-App\src\TodoList.js">
        <metrics statements="35" coveredstatements="9" conditionals="12" coveredconditionals="0" methods="15" coveredmethods="7"/>
        <line num="9" count="4" type="stmt"/>
        <line num="10" count="4" type="stmt"/>
        <line num="22" count="1" type="stmt"/>
        <line num="23" count="1" type="stmt"/>
        <line num="24" count="1" type="stmt"/>
        <line num="29" count="5" type="stmt"/>
        <line num="30" count="15" type="stmt"/>
        <line num="33" count="0" type="stmt"/>
        <line num="41" count="0" type="stmt"/>
        <line num="42" count="0" type="stmt"/>
        <line num="48" count="0" type="stmt"/>
        <line num="53" count="0" type="stmt"/>
        <line num="54" count="0" type="stmt"/>
        <line num="56" count="0" type="stmt"/>
        <line num="57" count="0" type="stmt"/>
        <line num="58" count="0" type="stmt"/>
        <line num="59" count="0" type="stmt"/>
        <line num="60" count="0" type="stmt"/>
        <line num="62" count="0" type="stmt"/>
        <line num="66" count="0" type="stmt"/>
        <line num="67" count="0" type="stmt"/>
        <line num="68" count="0" type="stmt"/>
        <line num="69" count="0" type="stmt"/>
        <line num="70" count="0" type="stmt"/>
        <line num="71" count="0" type="stmt"/>
        <line num="73" count="0" type="stmt"/>
        <line num="79" count="0" type="stmt"/>
        <line num="80" count="0" type="stmt"/>
        <line num="81" count="0" type="stmt"/>
        <line num="83" count="0" type="stmt"/>
        <line num="87" count="0" type="stmt"/>
        <line num="88" count="0" type="stmt"/>
        <line num="90" count="0" type="stmt"/>
        <line num="95" count="5" type="stmt"/>
        <line num="111" count="3" type="stmt"/>
      </file>
      <file name="TodoListAddItem.js" path="C:\Users\admin\Documents\GitHub\YEI-ToDos-App\src\TodoListAddItem.js">
        <metrics statements="12" coveredstatements="1" conditionals="2" coveredconditionals="0" methods="4" coveredmethods="0"/>
        <line num="7" count="0" type="stmt"/>
        <line num="8" count="0" type="stmt"/>
        <line num="9" count="0" type="stmt"/>
        <line num="10" count="0" type="stmt"/>
        <line num="14" count="0" type="stmt"/>
        <line num="18" count="0" type="stmt"/>
        <line num="20" count="0" type="stmt"/>
        <line num="21" count="0" type="stmt"/>
        <line num="24" count="0" type="stmt"/>
        <line num="25" count="0" type="stmt"/>
        <line num="30" count="0" type="stmt"/>
        <line num="39" count="3" type="stmt"/>
      </file>
      <file name="TodoListItem.js" path="C:\Users\admin\Documents\GitHub\YEI-ToDos-App\src\TodoListItem.js">
        <metrics statements="2" coveredstatements="2" conditionals="2" coveredconditionals="2" methods="1" coveredmethods="1"/>
        <line num="5" count="2" type="stmt"/>
        <line num="15" count="4" type="stmt"/>
      </file>
    </metrics>
  </project>
</coverage>
