{"C:\\Users\\admin\\Documents\\GitHub\\YEI-ToDos-App\\src\\App.js": {"path":"C:\\Users\\admin\\Documents\\GitHub\\YEI-ToDos-App\\src\\App.js","statementMap":{"0":{"start":{"line":8,"column":4},"end":{"line":13,"column":6}}},"fnMap":{"0":{"name":"(anonymous_0)","decl":{"start":{"line":7,"column":2},"end":{"line":7,"column":3}},"loc":{"start":{"line":7,"column":11},"end":{"line":14,"column":3}}}},"branchMap":{},"s":{"0":3},"f":{"0":3},"b":{},"hash":"4ed90df503c2422c2bfd60eeebccc0b8fd60c512"}
,"C:\\Users\\admin\\Documents\\GitHub\\YEI-ToDos-App\\src\\TodoList.js": {"path":"C:\\Users\\admin\\Documents\\GitHub\\YEI-ToDos-App\\src\\TodoList.js","statementMap":{"0":{"start":{"line":8,"column":4},"end":{"line":8,"column":12}},"1":{"start":{"line":9,"column":4},"end":{"line":13,"column":5}},"2":{"start":{"line":17,"column":4},"end":{"line":20,"column":7}},"3":{"start":{"line":18,"column":6},"end":{"line":18,"column":91}},"4":{"start":{"line":18,"column":40},"end":{"line":18,"column":72}},"5":{"start":{"line":19,"column":6},"end":{"line":19,"column":27}},"6":{"start":{"line":24,"column":4},"end":{"line":32,"column":7}},"7":{"start":{"line":25,"column":6},"end":{"line":31,"column":8}},"8":{"start":{"line":28,"column":27},"end":{"line":28,"column":68}},"9":{"start":{"line":36,"column":18},"end":{"line":41,"column":5}},"10":{"start":{"line":42,"column":4},"end":{"line":42,"column":63}},"11":{"start":{"line":47,"column":4},"end":{"line":71,"column":5}},"12":{"start":{"line":48,"column":24},"end":{"line":56,"column":8}},"13":{"start":{"line":50,"column":20},"end":{"line":50,"column":63}},"14":{"start":{"line":51,"column":20},"end":{"line":51,"column":63}},"15":{"start":{"line":53,"column":8},"end":{"line":54,"column":41}},"16":{"start":{"line":53,"column":27},"end":{"line":53,"column":37}},"17":{"start":{"line":54,"column":13},"end":{"line":54,"column":41}},"18":{"start":{"line":54,"column":32},"end":{"line":54,"column":41}},"19":{"start":{"line":55,"column":8},"end":{"line":55,"column":17}},"20":{"start":{"line":57,"column":6},"end":{"line":57,"column":61}},"21":{"start":{"line":61,"column":24},"end":{"line":69,"column":8}},"22":{"start":{"line":63,"column":20},"end":{"line":63,"column":63}},"23":{"start":{"line":64,"column":20},"end":{"line":64,"column":63}},"24":{"start":{"line":66,"column":8},"end":{"line":67,"column":41}},"25":{"start":{"line":66,"column":27},"end":{"line":66,"column":37}},"26":{"start":{"line":67,"column":13},"end":{"line":67,"column":41}},"27":{"start":{"line":67,"column":32},"end":{"line":67,"column":41}},"28":{"start":{"line":68,"column":8},"end":{"line":68,"column":17}},"29":{"start":{"line":70,"column":6},"end":{"line":70,"column":62}},"30":{"start":{"line":76,"column":4},"end":{"line":88,"column":5}},"31":{"start":{"line":77,"column":24},"end":{"line":79,"column":8}},"32":{"start":{"line":78,"column":8},"end":{"line":78,"column":43}},"33":{"start":{"line":80,"column":6},"end":{"line":80,"column":64}},"34":{"start":{"line":84,"column":24},"end":{"line":86,"column":8}},"35":{"start":{"line":85,"column":8},"end":{"line":85,"column":43}},"36":{"start":{"line":87,"column":6},"end":{"line":87,"column":65}},"37":{"start":{"line":92,"column":4},"end":{"line":104,"column":6}},"38":{"start":{"line":108,"column":0},"end":{"line":115,"column":2}}},"fnMap":{"0":{"name":"(anonymous_0)","decl":{"start":{"line":7,"column":2},"end":{"line":7,"column":3}},"loc":{"start":{"line":7,"column":21},"end":{"line":14,"column":3}}},"1":{"name":"(anonymous_1)","decl":{"start":{"line":16,"column":2},"end":{"line":16,"column":3}},"loc":{"start":{"line":16,"column":27},"end":{"line":21,"column":3}}},"2":{"name":"(anonymous_2)","decl":{"start":{"line":17,"column":18},"end":{"line":17,"column":19}},"loc":{"start":{"line":17,"column":37},"end":{"line":20,"column":5}}},"3":{"name":"(anonymous_3)","decl":{"start":{"line":18,"column":32},"end":{"line":18,"column":33}},"loc":{"start":{"line":18,"column":40},"end":{"line":18,"column":72}}},"4":{"name":"(anonymous_4)","decl":{"start":{"line":23,"column":2},"end":{"line":23,"column":3}},"loc":{"start":{"line":23,"column":24},"end":{"line":33,"column":3}}},"5":{"name":"(anonymous_5)","decl":{"start":{"line":24,"column":32},"end":{"line":24,"column":33}},"loc":{"start":{"line":24,"column":49},"end":{"line":32,"column":5}}},"6":{"name":"(anonymous_6)","decl":{"start":{"line":28,"column":20},"end":{"line":28,"column":21}},"loc":{"start":{"line":28,"column":27},"end":{"line":28,"column":68}}},"7":{"name":"(anonymous_7)","decl":{"start":{"line":35,"column":2},"end":{"line":35,"column":3}},"loc":{"start":{"line":35,"column":20},"end":{"line":43,"column":3}}},"8":{"name":"(anonymous_8)","decl":{"start":{"line":45,"column":2},"end":{"line":45,"column":3}},"loc":{"start":{"line":45,"column":14},"end":{"line":72,"column":3}}},"9":{"name":"(anonymous_9)","decl":{"start":{"line":48,"column":47},"end":{"line":48,"column":48}},"loc":{"start":{"line":48,"column":58},"end":{"line":56,"column":7}}},"10":{"name":"(anonymous_10)","decl":{"start":{"line":61,"column":47},"end":{"line":61,"column":48}},"loc":{"start":{"line":61,"column":58},"end":{"line":69,"column":7}}},"11":{"name":"(anonymous_11)","decl":{"start":{"line":74,"column":2},"end":{"line":74,"column":3}},"loc":{"start":{"line":74,"column":17},"end":{"line":89,"column":3}}},"12":{"name":"(anonymous_12)","decl":{"start":{"line":77,"column":47},"end":{"line":77,"column":48}},"loc":{"start":{"line":77,"column":58},"end":{"line":79,"column":7}}},"13":{"name":"(anonymous_13)","decl":{"start":{"line":84,"column":47},"end":{"line":84,"column":48}},"loc":{"start":{"line":84,"column":58},"end":{"line":86,"column":7}}},"14":{"name":"(anonymous_14)","decl":{"start":{"line":91,"column":2},"end":{"line":91,"column":3}},"loc":{"start":{"line":91,"column":11},"end":{"line":105,"column":3}}}},"branchMap":{"0":{"loc":{"start":{"line":47,"column":4},"end":{"line":71,"column":5}},"type":"if","locations":[{"start":{"line":47,"column":4},"end":{"line":71,"column":5}},{"start":{"line":47,"column":4},"end":{"line":71,"column":5}}]},"1":{"loc":{"start":{"line":53,"column":8},"end":{"line":54,"column":41}},"type":"if","locations":[{"start":{"line":53,"column":8},"end":{"line":54,"column":41}},{"start":{"line":53,"column":8},"end":{"line":54,"column":41}}]},"2":{"loc":{"start":{"line":54,"column":13},"end":{"line":54,"column":41}},"type":"if","locations":[{"start":{"line":54,"column":13},"end":{"line":54,"column":41}},{"start":{"line":54,"column":13},"end":{"line":54,"column":41}}]},"3":{"loc":{"start":{"line":66,"column":8},"end":{"line":67,"column":41}},"type":"if","locations":[{"start":{"line":66,"column":8},"end":{"line":67,"column":41}},{"start":{"line":66,"column":8},"end":{"line":67,"column":41}}]},"4":{"loc":{"start":{"line":67,"column":13},"end":{"line":67,"column":41}},"type":"if","locations":[{"start":{"line":67,"column":13},"end":{"line":67,"column":41}},{"start":{"line":67,"column":13},"end":{"line":67,"column":41}}]},"5":{"loc":{"start":{"line":76,"column":4},"end":{"line":88,"column":5}},"type":"if","locations":[{"start":{"line":76,"column":4},"end":{"line":88,"column":5}},{"start":{"line":76,"column":4},"end":{"line":88,"column":5}}]}},"s":{"0":3,"1":3,"2":1,"3":1,"4":1,"5":1,"6":4,"7":20,"8":0,"9":0,"10":0,"11":0,"12":0,"13":0,"14":0,"15":0,"16":0,"17":0,"18":0,"19":0,"20":0,"21":0,"22":0,"23":0,"24":0,"25":0,"26":0,"27":0,"28":0,"29":0,"30":0,"31":0,"32":0,"33":0,"34":0,"35":0,"36":0,"37":4,"38":3},"f":{"0":3,"1":1,"2":1,"3":1,"4":4,"5":20,"6":0,"7":0,"8":0,"9":0,"10":0,"11":0,"12":0,"13":0,"14":4},"b":{"0":[0,0],"1":[0,0],"2":[0,0],"3":[0,0],"4":[0,0],"5":[0,0]},"hash":"6ddee528fad75cb7c5c72d4a3b2135d4d8226402"}
,"C:\\Users\\admin\\Documents\\GitHub\\YEI-ToDos-App\\src\\TodoListAddItem.js": {"path":"C:\\Users\\admin\\Documents\\GitHub\\YEI-ToDos-App\\src\\TodoListAddItem.js","statementMap":{"0":{"start":{"line":7,"column":4},"end":{"line":7,"column":12}},"1":{"start":{"line":8,"column":4},"end":{"line":8,"column":31}},"2":{"start":{"line":10,"column":4},"end":{"line":10,"column":53}},"3":{"start":{"line":11,"column":4},"end":{"line":11,"column":53}},"4":{"start":{"line":15,"column":4},"end":{"line":15,"column":47}},"5":{"start":{"line":19,"column":4},"end":{"line":19,"column":27}},"6":{"start":{"line":20,"column":4},"end":{"line":20,"column":45}},"7":{"start":{"line":21,"column":4},"end":{"line":21,"column":31}},"8":{"start":{"line":25,"column":4},"end":{"line":30,"column":5}},"9":{"start":{"line":34,"column":0},"end":{"line":36,"column":2}}},"fnMap":{"0":{"name":"(anonymous_0)","decl":{"start":{"line":6,"column":2},"end":{"line":6,"column":3}},"loc":{"start":{"line":6,"column":20},"end":{"line":12,"column":3}}},"1":{"name":"(anonymous_1)","decl":{"start":{"line":14,"column":2},"end":{"line":14,"column":3}},"loc":{"start":{"line":14,"column":22},"end":{"line":16,"column":3}}},"2":{"name":"(anonymous_2)","decl":{"start":{"line":18,"column":2},"end":{"line":18,"column":3}},"loc":{"start":{"line":18,"column":22},"end":{"line":22,"column":3}}},"3":{"name":"(anonymous_3)","decl":{"start":{"line":24,"column":2},"end":{"line":24,"column":3}},"loc":{"start":{"line":24,"column":10},"end":{"line":31,"column":3}}}},"branchMap":{},"s":{"0":0,"1":0,"2":0,"3":0,"4":0,"5":0,"6":0,"7":0,"8":0,"9":3},"f":{"0":0,"1":0,"2":0,"3":0},"b":{},"hash":"a7c76972d3c2af80f93f88ad899acff83d7d4266"}
,"C:\\Users\\admin\\Documents\\GitHub\\YEI-ToDos-App\\src\\TodoListItem.js": {"path":"C:\\Users\\admin\\Documents\\GitHub\\YEI-ToDos-App\\src\\TodoListItem.js","statementMap":{"0":{"start":{"line":5,"column":2},"end":{"line":12,"column":4}},"1":{"start":{"line":15,"column":0},"end":{"line":19,"column":2}}},"fnMap":{"0":{"name":"TodoListItem","decl":{"start":{"line":4,"column":9},"end":{"line":4,"column":21}},"loc":{"start":{"line":4,"column":54},"end":{"line":13,"column":1}}}},"branchMap":{"0":{"loc":{"start":{"line":7,"column":24},"end":{"line":7,"column":61}},"type":"cond-expr","locations":[{"start":{"line":7,"column":34},"end":{"line":7,"column":56}},{"start":{"line":7,"column":59},"end":{"line":7,"column":61}}]}},"s":{"0":2,"1":4},"f":{"0":2},"b":{"0":[1,1]},"hash":"49fcc0bf415e9b7e88a27d231f385e52edb92f84"}
}
