{"C:\\Users\\admin\\Documents\\GitHub\\YEI-ToDos-App\\src\\App.js": {"path":"C:\\Users\\admin\\Documents\\GitHub\\YEI-ToDos-App\\src\\App.js","statementMap":{"0":{"start":{"line":8,"column":4},"end":{"line":13,"column":6}}},"fnMap":{"0":{"name":"(anonymous_0)","decl":{"start":{"line":7,"column":2},"end":{"line":7,"column":3}},"loc":{"start":{"line":7,"column":11},"end":{"line":14,"column":3}}}},"branchMap":{},"s":{"0":3},"f":{"0":3},"b":{},"hash":"4ed90df503c2422c2bfd60eeebccc0b8fd60c512"}
,"C:\\Users\\admin\\Documents\\GitHub\\YEI-ToDos-App\\src\\SortTodos.js": {"path":"C:\\Users\\admin\\Documents\\GitHub\\YEI-ToDos-App\\src\\SortTodos.js","statementMap":{"0":{"start":{"line":5,"column":2},"end":{"line":11,"column":3}},"1":{"start":{"line":14,"column":0},"end":{"line":18,"column":2}}},"fnMap":{"0":{"name":"SortTodos","decl":{"start":{"line":4,"column":9},"end":{"line":4,"column":18}},"loc":{"start":{"line":4,"column":63},"end":{"line":12,"column":1}}}},"branchMap":{"0":{"loc":{"start":{"line":8,"column":62},"end":{"line":8,"column":98}},"type":"cond-expr","locations":[{"start":{"line":8,"column":81},"end":{"line":8,"column":94}},{"start":{"line":8,"column":96},"end":{"line":8,"column":98}}]},"1":{"loc":{"start":{"line":9,"column":65},"end":{"line":9,"column":104}},"type":"cond-expr","locations":[{"start":{"line":9,"column":87},"end":{"line":9,"column":100}},{"start":{"line":9,"column":102},"end":{"line":9,"column":104}}]}},"s":{"0":1,"1":3},"f":{"0":1},"b":{"0":[0,1],"1":[0,1]},"hash":"93ac88a8df4619d05f7100728f352c65c60bf8a8"}
,"C:\\Users\\admin\\Documents\\GitHub\\YEI-ToDos-App\\src\\TodoList.js": {"path":"C:\\Users\\admin\\Documents\\GitHub\\YEI-ToDos-App\\src\\TodoList.js","statementMap":{"0":{"start":{"line":9,"column":4},"end":{"line":9,"column":12}},"1":{"start":{"line":10,"column":4},"end":{"line":18,"column":5}},"2":{"start":{"line":22,"column":4},"end":{"line":25,"column":7}},"3":{"start":{"line":23,"column":6},"end":{"line":23,"column":73}},"4":{"start":{"line":23,"column":40},"end":{"line":23,"column":54}},"5":{"start":{"line":24,"column":6},"end":{"line":24,"column":27}},"6":{"start":{"line":29,"column":4},"end":{"line":37,"column":7}},"7":{"start":{"line":30,"column":6},"end":{"line":36,"column":8}},"8":{"start":{"line":33,"column":27},"end":{"line":33,"column":70}},"9":{"start":{"line":41,"column":23},"end":{"line":41,"column":47}},"10":{"start":{"line":42,"column":4},"end":{"line":47,"column":7}},"11":{"start":{"line":48,"column":4},"end":{"line":48,"column":41}},"12":{"start":{"line":53,"column":4},"end":{"line":74,"column":5}},"13":{"start":{"line":54,"column":24},"end":{"line":61,"column":8}},"14":{"start":{"line":56,"column":20},"end":{"line":56,"column":63}},"15":{"start":{"line":57,"column":20},"end":{"line":57,"column":63}},"16":{"start":{"line":58,"column":8},"end":{"line":59,"column":41}},"17":{"start":{"line":58,"column":27},"end":{"line":58,"column":37}},"18":{"start":{"line":59,"column":13},"end":{"line":59,"column":41}},"19":{"start":{"line":59,"column":32},"end":{"line":59,"column":41}},"20":{"start":{"line":60,"column":8},"end":{"line":60,"column":17}},"21":{"start":{"line":62,"column":6},"end":{"line":62,"column":103}},"22":{"start":{"line":66,"column":24},"end":{"line":72,"column":8}},"23":{"start":{"line":67,"column":20},"end":{"line":67,"column":63}},"24":{"start":{"line":68,"column":20},"end":{"line":68,"column":63}},"25":{"start":{"line":69,"column":8},"end":{"line":70,"column":41}},"26":{"start":{"line":69,"column":27},"end":{"line":69,"column":37}},"27":{"start":{"line":70,"column":13},"end":{"line":70,"column":41}},"28":{"start":{"line":70,"column":32},"end":{"line":70,"column":41}},"29":{"start":{"line":71,"column":8},"end":{"line":71,"column":17}},"30":{"start":{"line":73,"column":6},"end":{"line":73,"column":104}},"31":{"start":{"line":79,"column":4},"end":{"line":91,"column":5}},"32":{"start":{"line":80,"column":24},"end":{"line":82,"column":8}},"33":{"start":{"line":81,"column":8},"end":{"line":81,"column":43}},"34":{"start":{"line":83,"column":6},"end":{"line":83,"column":106}},"35":{"start":{"line":87,"column":24},"end":{"line":89,"column":8}},"36":{"start":{"line":88,"column":8},"end":{"line":88,"column":43}},"37":{"start":{"line":90,"column":6},"end":{"line":90,"column":108}},"38":{"start":{"line":95,"column":4},"end":{"line":107,"column":6}},"39":{"start":{"line":111,"column":0},"end":{"line":118,"column":2}}},"fnMap":{"0":{"name":"(anonymous_0)","decl":{"start":{"line":8,"column":2},"end":{"line":8,"column":3}},"loc":{"start":{"line":8,"column":21},"end":{"line":19,"column":3}}},"1":{"name":"(anonymous_1)","decl":{"start":{"line":21,"column":2},"end":{"line":21,"column":3}},"loc":{"start":{"line":21,"column":27},"end":{"line":26,"column":3}}},"2":{"name":"(anonymous_2)","decl":{"start":{"line":22,"column":18},"end":{"line":22,"column":19}},"loc":{"start":{"line":22,"column":37},"end":{"line":25,"column":5}}},"3":{"name":"(anonymous_3)","decl":{"start":{"line":23,"column":32},"end":{"line":23,"column":33}},"loc":{"start":{"line":23,"column":40},"end":{"line":23,"column":54}}},"4":{"name":"(anonymous_4)","decl":{"start":{"line":28,"column":2},"end":{"line":28,"column":3}},"loc":{"start":{"line":28,"column":24},"end":{"line":38,"column":3}}},"5":{"name":"(anonymous_5)","decl":{"start":{"line":29,"column":32},"end":{"line":29,"column":33}},"loc":{"start":{"line":29,"column":42},"end":{"line":37,"column":5}}},"6":{"name":"(anonymous_6)","decl":{"start":{"line":33,"column":20},"end":{"line":33,"column":21}},"loc":{"start":{"line":33,"column":27},"end":{"line":33,"column":70}}},"7":{"name":"(anonymous_7)","decl":{"start":{"line":40,"column":2},"end":{"line":40,"column":3}},"loc":{"start":{"line":40,"column":20},"end":{"line":49,"column":3}}},"8":{"name":"(anonymous_8)","decl":{"start":{"line":51,"column":2},"end":{"line":51,"column":3}},"loc":{"start":{"line":51,"column":14},"end":{"line":75,"column":3}}},"9":{"name":"(anonymous_9)","decl":{"start":{"line":54,"column":47},"end":{"line":54,"column":48}},"loc":{"start":{"line":54,"column":58},"end":{"line":61,"column":7}}},"10":{"name":"(anonymous_10)","decl":{"start":{"line":66,"column":47},"end":{"line":66,"column":48}},"loc":{"start":{"line":66,"column":58},"end":{"line":72,"column":7}}},"11":{"name":"(anonymous_11)","decl":{"start":{"line":77,"column":2},"end":{"line":77,"column":3}},"loc":{"start":{"line":77,"column":17},"end":{"line":92,"column":3}}},"12":{"name":"(anonymous_12)","decl":{"start":{"line":80,"column":47},"end":{"line":80,"column":48}},"loc":{"start":{"line":80,"column":58},"end":{"line":82,"column":7}}},"13":{"name":"(anonymous_13)","decl":{"start":{"line":87,"column":47},"end":{"line":87,"column":48}},"loc":{"start":{"line":87,"column":58},"end":{"line":89,"column":7}}},"14":{"name":"(anonymous_14)","decl":{"start":{"line":94,"column":2},"end":{"line":94,"column":3}},"loc":{"start":{"line":94,"column":11},"end":{"line":108,"column":3}}}},"branchMap":{"0":{"loc":{"start":{"line":53,"column":4},"end":{"line":74,"column":5}},"type":"if","locations":[{"start":{"line":53,"column":4},"end":{"line":74,"column":5}},{"start":{"line":53,"column":4},"end":{"line":74,"column":5}}]},"1":{"loc":{"start":{"line":58,"column":8},"end":{"line":59,"column":41}},"type":"if","locations":[{"start":{"line":58,"column":8},"end":{"line":59,"column":41}},{"start":{"line":58,"column":8},"end":{"line":59,"column":41}}]},"2":{"loc":{"start":{"line":59,"column":13},"end":{"line":59,"column":41}},"type":"if","locations":[{"start":{"line":59,"column":13},"end":{"line":59,"column":41}},{"start":{"line":59,"column":13},"end":{"line":59,"column":41}}]},"3":{"loc":{"start":{"line":69,"column":8},"end":{"line":70,"column":41}},"type":"if","locations":[{"start":{"line":69,"column":8},"end":{"line":70,"column":41}},{"start":{"line":69,"column":8},"end":{"line":70,"column":41}}]},"4":{"loc":{"start":{"line":70,"column":13},"end":{"line":70,"column":41}},"type":"if","locations":[{"start":{"line":70,"column":13},"end":{"line":70,"column":41}},{"start":{"line":70,"column":13},"end":{"line":70,"column":41}}]},"5":{"loc":{"start":{"line":79,"column":4},"end":{"line":91,"column":5}},"type":"if","locations":[{"start":{"line":79,"column":4},"end":{"line":91,"column":5}},{"start":{"line":79,"column":4},"end":{"line":91,"column":5}}]}},"s":{"0":3,"1":3,"2":1,"3":1,"4":1,"5":1,"6":4,"7":20,"8":0,"9":0,"10":0,"11":0,"12":0,"13":0,"14":0,"15":0,"16":0,"17":0,"18":0,"19":0,"20":0,"21":0,"22":0,"23":0,"24":0,"25":0,"26":0,"27":0,"28":0,"29":0,"30":0,"31":0,"32":0,"33":0,"34":0,"35":0,"36":0,"37":0,"38":4,"39":2},"f":{"0":3,"1":1,"2":1,"3":1,"4":4,"5":20,"6":0,"7":0,"8":0,"9":0,"10":0,"11":0,"12":0,"13":0,"14":4},"b":{"0":[0,0],"1":[0,0],"2":[0,0],"3":[0,0],"4":[0,0],"5":[0,0]},"hash":"f9ebc7b6b6065f67cc720fd56cf8fb16bac8e60a"}
,"C:\\Users\\admin\\Documents\\GitHub\\YEI-ToDos-App\\src\\TodoListAddItem.js": {"path":"C:\\Users\\admin\\Documents\\GitHub\\YEI-ToDos-App\\src\\TodoListAddItem.js","statementMap":{"0":{"start":{"line":7,"column":4},"end":{"line":7,"column":12}},"1":{"start":{"line":8,"column":4},"end":{"line":8,"column":31}},"2":{"start":{"line":9,"column":4},"end":{"line":9,"column":53}},"3":{"start":{"line":10,"column":4},"end":{"line":10,"column":53}},"4":{"start":{"line":14,"column":4},"end":{"line":14,"column":47}},"5":{"start":{"line":18,"column":4},"end":{"line":18,"column":27}},"6":{"start":{"line":20,"column":4},"end":{"line":26,"column":5}},"7":{"start":{"line":21,"column":6},"end":{"line":21,"column":78}},"8":{"start":{"line":24,"column":6},"end":{"line":24,"column":47}},"9":{"start":{"line":25,"column":6},"end":{"line":25,"column":33}},"10":{"start":{"line":30,"column":4},"end":{"line":35,"column":5}},"11":{"start":{"line":39,"column":0},"end":{"line":41,"column":2}}},"fnMap":{"0":{"name":"(anonymous_0)","decl":{"start":{"line":6,"column":2},"end":{"line":6,"column":3}},"loc":{"start":{"line":6,"column":20},"end":{"line":11,"column":3}}},"1":{"name":"(anonymous_1)","decl":{"start":{"line":13,"column":2},"end":{"line":13,"column":3}},"loc":{"start":{"line":13,"column":22},"end":{"line":15,"column":3}}},"2":{"name":"(anonymous_2)","decl":{"start":{"line":17,"column":2},"end":{"line":17,"column":3}},"loc":{"start":{"line":17,"column":22},"end":{"line":27,"column":3}}},"3":{"name":"(anonymous_3)","decl":{"start":{"line":29,"column":2},"end":{"line":29,"column":3}},"loc":{"start":{"line":29,"column":10},"end":{"line":36,"column":3}}}},"branchMap":{"0":{"loc":{"start":{"line":20,"column":4},"end":{"line":26,"column":5}},"type":"if","locations":[{"start":{"line":20,"column":4},"end":{"line":26,"column":5}},{"start":{"line":20,"column":4},"end":{"line":26,"column":5}}]}},"s":{"0":2,"1":2,"2":2,"3":2,"4":0,"5":0,"6":0,"7":0,"8":0,"9":0,"10":2,"11":3},"f":{"0":2,"1":0,"2":0,"3":2},"b":{"0":[0,0]},"hash":"39528781b46261679aef3c37883b7fe53a3e33c8"}
,"C:\\Users\\admin\\Documents\\GitHub\\YEI-ToDos-App\\src\\TodoListItem.js": {"path":"C:\\Users\\admin\\Documents\\GitHub\\YEI-ToDos-App\\src\\TodoListItem.js","statementMap":{"0":{"start":{"line":5,"column":2},"end":{"line":12,"column":4}},"1":{"start":{"line":15,"column":0},"end":{"line":19,"column":2}}},"fnMap":{"0":{"name":"TodoListItem","decl":{"start":{"line":4,"column":9},"end":{"line":4,"column":21}},"loc":{"start":{"line":4,"column":54},"end":{"line":13,"column":1}}}},"branchMap":{"0":{"loc":{"start":{"line":7,"column":24},"end":{"line":7,"column":61}},"type":"cond-expr","locations":[{"start":{"line":7,"column":34},"end":{"line":7,"column":56}},{"start":{"line":7,"column":59},"end":{"line":7,"column":61}}]}},"s":{"0":2,"1":3},"f":{"0":2},"b":{"0":[1,1]},"hash":"49fcc0bf415e9b7e88a27d231f385e52edb92f84"}
}
