TN:
SF:C:\Users\admin\Documents\GitHub\YEI-ToDos-App\src\App.js
FN:7,(anonymous_0)
FNF:1
FNH:1
FNDA:3,(anonymous_0)
DA:8,3
LF:1
LH:1
BRF:0
BRH:0
end_of_record
TN:
SF:C:\Users\admin\Documents\GitHub\YEI-ToDos-App\src\SortTodos.js
FN:4,SortTodos
FNF:1
FNH:1
FNDA:4,SortTodos
DA:5,4
DA:14,3
LF:2
LH:2
BRDA:8,0,0,1
BRDA:8,0,1,3
BRDA:9,1,0,1
BRDA:9,1,1,3
BRF:4
BRH:4
end_of_record
TN:
SF:C:\Users\admin\Documents\GitHub\YEI-ToDos-App\src\TodoList.js
FN:8,(anonymous_0)
FN:21,(anonymous_1)
FN:22,(anonymous_2)
FN:23,(anonymous_3)
FN:28,(anonymous_4)
FN:29,(anonymous_5)
FN:33,(anonymous_6)
FN:40,(anonymous_7)
FN:51,(anonymous_8)
FN:54,(anonymous_9)
FN:66,(anonymous_10)
FN:77,(anonymous_11)
FN:80,(anonymous_12)
FN:87,(anonymous_13)
FN:94,(anonymous_14)
FNF:15
FNH:14
FNDA:2,(anonymous_0)
FNDA:1,(anonymous_1)
FNDA:1,(anonymous_2)
FNDA:1,(anonymous_3)
FNDA:8,(anonymous_4)
FNDA:45,(anonymous_5)
FNDA:0,(anonymous_6)
FNDA:1,(anonymous_7)
FNDA:2,(anonymous_8)
FNDA:8,(anonymous_9)
FNDA:15,(anonymous_10)
FNDA:2,(anonymous_11)
FNDA:12,(anonymous_12)
FNDA:15,(anonymous_13)
FNDA:8,(anonymous_14)
DA:9,2
DA:10,2
DA:22,1
DA:23,1
DA:24,1
DA:29,8
DA:30,45
DA:33,0
DA:41,1
DA:42,1
DA:48,1
DA:53,2
DA:54,1
DA:56,8
DA:57,8
DA:58,8
DA:59,4
DA:60,0
DA:62,1
DA:66,1
DA:67,15
DA:68,15
DA:69,15
DA:70,15
DA:71,0
DA:73,1
DA:79,2
DA:80,1
DA:81,12
DA:83,1
DA:87,1
DA:88,15
DA:90,1
DA:95,8
DA:111,2
LF:35
LH:32
BRDA:53,0,0,1
BRDA:53,0,1,1
BRDA:58,1,0,4
BRDA:58,1,1,4
BRDA:59,2,0,4
BRDA:59,2,1,0
BRDA:69,3,0,0
BRDA:69,3,1,15
BRDA:70,4,0,15
BRDA:70,4,1,0
BRDA:79,5,0,1
BRDA:79,5,1,1
BRF:12
BRH:9
end_of_record
TN:
SF:C:\Users\admin\Documents\GitHub\YEI-ToDos-App\src\TodoListAddItem.js
FN:6,(anonymous_0)
FN:13,(anonymous_1)
FN:17,(anonymous_2)
FN:30,(anonymous_3)
FNF:4
FNH:4
FNDA:2,(anonymous_0)
FNDA:1,(anonymous_1)
FNDA:3,(anonymous_2)
FNDA:9,(anonymous_3)
DA:7,2
DA:8,2
DA:9,2
DA:10,2
DA:14,1
DA:18,3
DA:20,3
DA:21,1
DA:22,1
DA:25,2
DA:26,2
DA:31,9
DA:40,3
LF:13
LH:13
BRDA:20,0,0,1
BRDA:20,0,1,2
BRF:2
BRH:2
end_of_record
TN:
SF:C:\Users\admin\Documents\GitHub\YEI-ToDos-App\src\TodoListItem.js
FN:4,TodoListItem
FNF:1
FNH:1
FNDA:2,TodoListItem
DA:5,2
DA:15,3
LF:2
LH:2
BRDA:7,0,0,1
BRDA:7,0,1,1
BRF:2
BRH:2
end_of_record
